<?xml version="1.0" encoding="UTF-8"?>
<testsuite name="JUnit Vintage" tests="20" skipped="0" failures="0" errors="0" time="0.024" hostname="zachBoudreaux" timestamp="2022-04-16T12:01:49">
<properties>
[...]
</properties>
<testcase name="test18" classname="ZachBoudreauxTriangleTest" time="0">
<system-out><![CDATA[
unique-id: [engine:junit-vintage]/[runner:ZachBoudreauxTriangleTest]/[test:test18(ZachBoudreauxTriangleTest)]
display-name: test18
]]></system-out>
</testcase>
<testcase name="test8" classname="ZachBoudreauxTriangleTest" time="0">
<system-out><![CDATA[
unique-id: [engine:junit-vintage]/[runner:ZachBoudreauxTriangleTest]/[test:test8(ZachBoudreauxTriangleTest)]
display-name: test8
]]></system-out>
</testcase>
<testcase name="test11" classname="ZachBoudreauxTriangleTest" time="0">
<system-out><![CDATA[
unique-id: [engine:junit-vintage]/[runner:ZachBoudreauxTriangleTest]/[test:test11(ZachBoudreauxTriangleTest)]
display-name: test11
]]></system-out>
</testcase>
<testcase name="test20" classname="ZachBoudreauxTriangleTest" time="0">
<system-out><![CDATA[
unique-id: [engine:junit-vintage]/[runner:ZachBoudreauxTriangleTest]/[test:test20(ZachBoudreauxTriangleTest)]
display-name: test20
]]></system-out>
</testcase>
<testcase name="test16" classname="ZachBoudreauxTriangleTest" time="0">
<system-out><![CDATA[
unique-id: [engine:junit-vintage]/[runner:ZachBoudreauxTriangleTest]/[test:test16(ZachBoudreauxTriangleTest)]
display-name: test16
]]></system-out>
</testcase>
<testcase name="test14" classname="ZachBoudreauxTriangleTest" time="0">
<system-out><![CDATA[
unique-id: [engine:junit-vintage]/[runner:ZachBoudreauxTriangleTest]/[test:test14(ZachBoudreauxTriangleTest)]
display-name: test14
]]></system-out>
</testcase>
<testcase name="test4" classname="ZachBoudreauxTriangleTest" time="0">
<system-out><![CDATA[
unique-id: [engine:junit-vintage]/[runner:ZachBoudreauxTriangleTest]/[test:test4(ZachBoudreauxTriangleTest)]
display-name: test4
]]></system-out>
</testcase>
<testcase name="test2" classname="ZachBoudreauxTriangleTest" time="0">
<system-out><![CDATA[
unique-id: [engine:junit-vintage]/[runner:ZachBoudreauxTriangleTest]/[test:test2(ZachBoudreauxTriangleTest)]
display-name: test2
]]></system-out>
</testcase>
<testcase name="test6" classname="ZachBoudreauxTriangleTest" time="0">
<system-out><![CDATA[
unique-id: [engine:junit-vintage]/[runner:ZachBoudreauxTriangleTest]/[test:test6(ZachBoudreauxTriangleTest)]
display-name: test6
]]></system-out>
</testcase>
<testcase name="test10" classname="ZachBoudreauxTriangleTest" time="0.002">
<system-out><![CDATA[
unique-id: [engine:junit-vintage]/[runner:ZachBoudreauxTriangleTest]/[test:test10(ZachBoudreauxTriangleTest)]
display-name: test10
]]></system-out>
</testcase>
<testcase name="test17" classname="ZachBoudreauxTriangleTest" time="0">
<system-out><![CDATA[
unique-id: [engine:junit-vintage]/[runner:ZachBoudreauxTriangleTest]/[test:test17(ZachBoudreauxTriangleTest)]
display-name: test17
]]></system-out>
</testcase>
<testcase name="test19" classname="ZachBoudreauxTriangleTest" time="0">
<system-out><![CDATA[
unique-id: [engine:junit-vintage]/[runner:ZachBoudreauxTriangleTest]/[test:test19(ZachBoudreauxTriangleTest)]
display-name: test19
]]></system-out>
</testcase>
<testcase name="test12" classname="ZachBoudreauxTriangleTest" time="0">
<system-out><![CDATA[
unique-id: [engine:junit-vintage]/[runner:ZachBoudreauxTriangleTest]/[test:test12(ZachBoudreauxTriangleTest)]
display-name: test12
]]></system-out>
</testcase>
<testcase name="test13" classname="ZachBoudreauxTriangleTest" time="0">
<system-out><![CDATA[
unique-id: [engine:junit-vintage]/[runner:ZachBoudreauxTriangleTest]/[test:test13(ZachBoudreauxTriangleTest)]
display-name: test13
]]></system-out>
</testcase>
<testcase name="test15" classname="ZachBoudreauxTriangleTest" time="0">
<system-out><![CDATA[
unique-id: [engine:junit-vintage]/[runner:ZachBoudreauxTriangleTest]/[test:test15(ZachBoudreauxTriangleTest)]
display-name: test15
]]></system-out>
</testcase>
<testcase name="test1" classname="ZachBoudreauxTriangleTest" time="0">
<system-out><![CDATA[
unique-id: [engine:junit-vintage]/[runner:ZachBoudreauxTriangleTest]/[test:test1(ZachBoudreauxTriangleTest)]
display-name: test1
]]></system-out>
</testcase>
<testcase name="test3" classname="ZachBoudreauxTriangleTest" time="0">
<system-out><![CDATA[
unique-id: [engine:junit-vintage]/[runner:ZachBoudreauxTriangleTest]/[test:test3(ZachBoudreauxTriangleTest)]
display-name: test3
]]></system-out>
</testcase>
<testcase name="test5" classname="ZachBoudreauxTriangleTest" time="0">
<system-out><![CDATA[
unique-id: [engine:junit-vintage]/[runner:ZachBoudreauxTriangleTest]/[test:test5(ZachBoudreauxTriangleTest)]
display-name: test5
]]></system-out>
</testcase>
<testcase name="test7" classname="ZachBoudreauxTriangleTest" time="0">
<system-out><![CDATA[
unique-id: [engine:junit-vintage]/[runner:ZachBoudreauxTriangleTest]/[test:test7(ZachBoudreauxTriangleTest)]
display-name: test7
]]></system-out>
</testcase>
<testcase name="test9" classname="ZachBoudreauxTriangleTest" time="0">
<system-out><![CDATA[
unique-id: [engine:junit-vintage]/[runner:ZachBoudreauxTriangleTest]/[test:test9(ZachBoudreauxTriangleTest)]
display-name: test9
]]></system-out>
</testcase>
<system-out><![CDATA[
unique-id: [engine:junit-vintage]
display-name: JUnit Vintage
]]></system-out>
</testsuite>
